{"/Users/learning/Documents/projects/vite_template/src/App.jsx": {"path":"/Users/learning/Documents/projects/vite_template/src/App.jsx","statementMap":{"0":{"start":{"line":6,"column":13},"end":{"line":6,"column":91}},"1":{"start":{"line":7,"column":2},"end":{"line":21,"column":3}}},"fnMap":{"0":{"name":"App","decl":{"start":{"line":5,"column":9},"end":{"line":5,"column":12}},"loc":{"start":{"line":5,"column":15},"end":{"line":22,"column":1}},"line":5}},"branchMap":{},"s":{"0":1,"1":1},"f":{"0":1},"b":{},"_coverageSchema":"1a1c01bbd47fc00a2c39e90264f33305004495a9","hash":"628b3bbee814735144bf3fe5c4433ccaedec4f95"}
}
