{"/Users/learning/Documents/projects/mol-bio-vite/src/App.jsx": {"path":"/Users/learning/Documents/projects/mol-bio-vite/src/App.jsx","statementMap":{"0":{"start":{"line":6,"column":13},"end":{"line":6,"column":46}},"1":{"start":{"line":7,"column":2},"end":{"line":23,"column":3}}},"fnMap":{"0":{"name":"App","decl":{"start":{"line":5,"column":9},"end":{"line":5,"column":12}},"loc":{"start":{"line":5,"column":15},"end":{"line":24,"column":1}},"line":5}},"branchMap":{},"s":{"0":1,"1":1},"f":{"0":1},"b":{},"_coverageSchema":"1a1c01bbd47fc00a2c39e90264f33305004495a9","hash":"734d2fa02e7f7f944d183e3b766ff9d77dc5fa1a"}
,"/Users/learning/Documents/projects/mol-bio-vite/src/main.jsx": {"path":"/Users/learning/Documents/projects/mol-bio-vite/src/main.jsx","statementMap":{"0":{"start":{"line":6,"column":0},"end":{"line":10,"column":1}}},"fnMap":{},"branchMap":{},"s":{"0":0},"f":{},"b":{}}
}
